{"level":"info","message":{},"timestamp":"2024-04-22T06:53:02.924Z"}
{"level":"info","message":{},"timestamp":"2024-04-22T06:53:08.442Z"}
{"level":"info","message":{"password":"dasdad","username":"asdasd"},"timestamp":"2024-04-22T06:53:13.100Z"}
{"level":"info","message":{},"timestamp":"2024-04-22T06:53:13.111Z"}
{"level":"info","message":{"password":"asdads","username":"asdasd"},"timestamp":"2024-04-22T06:53:16.191Z"}
{"level":"info","message":{},"timestamp":"2024-04-22T06:53:16.201Z"}
{"level":"info","message":{"password":"dddd","username":"dddd"},"timestamp":"2024-04-22T06:56:41.530Z"}
{"level":"info","message":{},"timestamp":"2024-04-22T06:56:41.537Z"}
{"level":"info","message":{"password":"kdad1","username":"kdad1"},"timestamp":"2024-04-22T06:58:47.952Z"}
{"level":"info","message":{},"timestamp":"2024-04-22T06:58:48.003Z"}
{"level":"info","message":{},"timestamp":"2024-04-22T06:58:51.606Z"}
{"level":"info","message":{},"timestamp":"2024-04-22T06:59:14.648Z"}
{"level":"info","message":{},"timestamp":"2024-04-22T07:00:06.260Z"}
{"level":"info","message":{},"timestamp":"2024-04-22T07:00:06.273Z"}
{"level":"info","message":{},"timestamp":"2024-04-22T07:00:14.552Z"}
{"level":"info","message":{"password":"kdad1","username":"kdad1"},"timestamp":"2024-04-22T07:00:20.117Z"}
{"level":"info","message":{},"timestamp":"2024-04-22T07:00:20.176Z"}
{"level":"info","message":{},"timestamp":"2024-04-22T07:03:20.202Z"}
{"level":"info","message":{},"timestamp":"2024-04-22T07:03:23.583Z"}
{"level":"info","message":{"password":"asdasd","username":"asdasd"},"timestamp":"2024-04-22T07:03:26.093Z"}
{"level":"info","message":{},"timestamp":"2024-04-22T07:03:26.103Z"}
{"level":"info","message":{"password":"kdad1","username":"kdad1"},"timestamp":"2024-04-22T07:03:29.022Z"}
{"level":"info","message":{},"timestamp":"2024-04-22T07:03:29.076Z"}
{"level":"info","message":{},"timestamp":"2024-04-22T07:06:21.038Z"}
{"level":"info","message":{},"timestamp":"2024-04-22T07:06:23.020Z"}
{"level":"info","message":{"password":"asda","username":"asdasd"},"timestamp":"2024-04-22T07:06:25.451Z"}
{"level":"info","message":{},"timestamp":"2024-04-22T07:06:25.461Z"}
{"level":"info","message":{},"timestamp":"2024-04-22T07:08:42.158Z"}
{"level":"info","message":{},"timestamp":"2024-04-22T07:08:56.354Z"}
{"level":"info","message":{},"timestamp":"2024-04-22T07:09:46.230Z"}
{"level":"info","message":{},"timestamp":"2024-04-22T07:09:48.946Z"}
{"level":"info","message":{"password":"asdasd","username":"asdasdasd"},"timestamp":"2024-04-22T07:09:51.562Z"}
{"level":"info","message":{},"timestamp":"2024-04-22T07:09:51.572Z"}
{"level":"info","message":{"password":"asdasd","username":"asdasd"},"timestamp":"2024-04-22T07:09:54.177Z"}
{"level":"info","message":{},"timestamp":"2024-04-22T07:09:54.186Z"}
{"level":"info","message":{},"timestamp":"2024-04-22T07:11:21.243Z"}
{"level":"info","message":{},"timestamp":"2024-04-22T07:11:24.451Z"}
{"level":"info","message":{"password":"asda","username":"asdads"},"timestamp":"2024-04-22T07:11:26.589Z"}
{"level":"info","message":{},"timestamp":"2024-04-22T07:11:26.599Z"}
{"level":"info","message":{"password":"kdad1","username":"kdad1"},"timestamp":"2024-04-22T07:11:31.107Z"}
{"level":"info","message":{},"timestamp":"2024-04-22T07:11:31.161Z"}
{"level":"info","message":{},"timestamp":"2024-04-22T10:07:33.126Z"}
{"level":"info","message":{},"timestamp":"2024-04-22T10:07:35.968Z"}
{"level":"info","message":{},"timestamp":"2024-04-22T10:09:59.232Z"}
{"level":"info","message":{},"timestamp":"2024-04-22T10:11:15.892Z"}
{"level":"info","message":{},"timestamp":"2024-04-22T10:13:01.187Z"}
{"level":"info","message":{},"timestamp":"2024-04-22T10:13:29.935Z"}
{"level":"info","message":{},"timestamp":"2024-04-22T10:13:43.847Z"}
{"level":"info","message":{},"timestamp":"2024-04-22T10:13:44.433Z"}
{"level":"info","message":{},"timestamp":"2024-04-22T10:14:01.586Z"}
{"level":"info","message":{},"timestamp":"2024-04-22T10:14:02.671Z"}
{"level":"info","message":{},"timestamp":"2024-04-22T10:18:10.770Z"}
{"level":"info","message":{},"timestamp":"2024-04-22T10:18:13.032Z"}
{"level":"info","message":{},"timestamp":"2024-04-22T10:18:46.343Z"}
{"level":"info","message":{},"timestamp":"2024-04-22T10:18:46.362Z"}
{"level":"info","message":{},"timestamp":"2024-04-22T10:18:47.895Z"}
{"level":"info","message":{},"timestamp":"2024-04-22T10:18:58.237Z"}
{"level":"info","message":{},"timestamp":"2024-04-22T10:18:59.088Z"}
{"level":"info","message":{"password":"kdad1","username":"kdad1"},"timestamp":"2024-04-22T10:19:04.350Z"}
{"level":"info","message":{},"timestamp":"2024-04-22T10:19:04.406Z"}
{"level":"info","message":{},"timestamp":"2024-04-22T10:19:05.208Z"}
{"level":"info","message":{},"timestamp":"2024-04-22T10:19:29.225Z"}
{"level":"info","message":{},"timestamp":"2024-04-22T10:22:06.814Z"}
{"level":"info","message":{},"timestamp":"2024-04-22T10:22:23.919Z"}
{"level":"info","message":{},"timestamp":"2024-04-22T10:26:02.834Z"}
{"level":"info","message":{},"timestamp":"2024-04-22T10:26:03.817Z"}
{"level":"info","message":{"password":"kdad1","username":"kdad1"},"timestamp":"2024-04-22T10:26:07.598Z"}
{"level":"info","message":{},"timestamp":"2024-04-22T10:26:07.663Z"}
{"level":"info","message":{},"timestamp":"2024-04-22T10:26:10.225Z"}
{"level":"info","message":{},"timestamp":"2024-04-22T10:26:24.591Z"}
{"level":"info","message":{},"timestamp":"2024-04-22T10:33:56.403Z"}
{"level":"info","message":{},"timestamp":"2024-04-22T10:33:57.841Z"}
{"level":"info","message":{"password":"kdad1","username":"kdad1"},"timestamp":"2024-04-22T10:34:01.046Z"}
{"level":"info","message":{},"timestamp":"2024-04-22T10:34:01.110Z"}
{"level":"info","message":{},"timestamp":"2024-04-22T10:34:02.432Z"}
{"level":"info","message":{},"timestamp":"2024-04-22T10:34:22.995Z"}
{"level":"info","message":{},"timestamp":"2024-04-22T10:34:23.708Z"}
{"level":"info","message":{"password":"kdad1","username":"kdad1"},"timestamp":"2024-04-22T10:34:30.884Z"}
{"level":"info","message":{},"timestamp":"2024-04-22T10:34:30.951Z"}
{"level":"info","message":{},"timestamp":"2024-04-22T10:34:32.047Z"}
{"level":"info","message":{},"timestamp":"2024-04-22T10:34:46.423Z"}
{"level":"info","message":{},"timestamp":"2024-04-22T10:34:47.469Z"}
{"level":"info","message":{},"timestamp":"2024-04-22T10:34:50.221Z"}
{"level":"info","message":{"password":"kdad1","username":"kdad1"},"timestamp":"2024-04-22T10:34:52.886Z"}
{"level":"info","message":{},"timestamp":"2024-04-22T10:34:52.951Z"}
{"level":"info","message":{},"timestamp":"2024-04-22T10:34:54.144Z"}
{"level":"info","message":{},"timestamp":"2024-04-22T10:35:02.451Z"}
{"level":"info","message":{},"timestamp":"2024-04-22T10:35:02.458Z"}
{"level":"info","message":{},"timestamp":"2024-04-22T10:35:04.737Z"}
{"level":"info","message":{"password":"kdad1","username":"kdad1"},"timestamp":"2024-04-22T10:35:08.136Z"}
{"level":"info","message":{},"timestamp":"2024-04-22T10:35:08.198Z"}
{"level":"info","message":{},"timestamp":"2024-04-22T10:35:14.732Z"}
{"level":"info","message":{},"timestamp":"2024-04-22T10:36:23.103Z"}
{"level":"info","message":{},"timestamp":"2024-04-22T10:36:23.958Z"}
{"level":"info","message":{},"timestamp":"2024-04-22T10:36:31.575Z"}
{"level":"info","message":{},"timestamp":"2024-04-22T10:36:32.215Z"}
{"level":"info","message":{"password":"kadet","username":"kadet"},"timestamp":"2024-04-22T10:36:38.578Z"}
{"level":"info","message":{},"timestamp":"2024-04-22T10:36:38.590Z"}
{"level":"info","message":{"password":"kadet","username":"kadet"},"timestamp":"2024-04-22T10:36:41.913Z"}
{"level":"info","message":{},"timestamp":"2024-04-22T10:36:41.923Z"}
{"level":"info","message":{"password":"kadet1","username":"kadet1"},"timestamp":"2024-04-22T10:36:55.728Z"}
{"level":"info","message":{},"timestamp":"2024-04-22T10:36:55.794Z"}
{"level":"info","message":{},"timestamp":"2024-04-22T10:36:57.393Z"}
{"level":"info","message":{},"timestamp":"2024-04-22T10:46:09.259Z"}
{"level":"info","message":{},"timestamp":"2024-04-22T10:46:19.935Z"}
{"level":"info","message":{},"timestamp":"2024-04-22T10:46:21.186Z"}
{"level":"info","message":{},"timestamp":"2024-04-22T10:47:52.049Z"}
{"level":"info","message":{},"timestamp":"2024-04-22T10:47:54.269Z"}
{"level":"info","message":{},"timestamp":"2024-04-22T10:57:19.264Z"}
{"level":"info","message":{},"timestamp":"2024-04-22T10:57:20.006Z"}
{"level":"info","message":{},"timestamp":"2024-04-22T10:58:08.914Z"}
{"level":"info","message":{},"timestamp":"2024-04-22T10:58:09.782Z"}
{"level":"info","message":{},"timestamp":"2024-04-22T10:58:34.794Z"}
{"level":"info","message":{},"timestamp":"2024-04-22T10:58:35.910Z"}
{"level":"info","message":{},"timestamp":"2024-04-22T10:58:54.540Z"}
{"level":"info","message":{},"timestamp":"2024-04-22T10:58:55.014Z"}
{"level":"info","message":{},"timestamp":"2024-04-22T10:59:22.713Z"}
{"level":"info","message":{},"timestamp":"2024-04-22T10:59:23.442Z"}
{"level":"info","message":{},"timestamp":"2024-04-22T10:59:24.263Z"}
{"level":"info","message":{},"timestamp":"2024-04-22T11:00:35.565Z"}
{"level":"info","message":{},"timestamp":"2024-04-22T11:00:36.950Z"}
{"level":"info","message":{},"timestamp":"2024-04-22T11:01:16.027Z"}
{"level":"info","message":{},"timestamp":"2024-04-22T11:01:20.055Z"}
{"level":"info","message":{},"timestamp":"2024-04-22T11:02:11.564Z"}
{"level":"info","message":{},"timestamp":"2024-04-22T11:02:17.640Z"}
{"level":"info","message":{},"timestamp":"2024-04-22T11:02:22.117Z"}
{"level":"info","message":{},"timestamp":"2024-04-22T11:02:26.671Z"}
{"level":"info","message":{},"timestamp":"2024-04-22T11:06:05.277Z"}
{"level":"info","message":{},"timestamp":"2024-04-22T11:06:08.176Z"}
{"level":"info","message":{},"timestamp":"2024-04-22T11:06:09.680Z"}
{"level":"info","message":{"password":"stad1","username":"stad1"},"timestamp":"2024-04-22T11:06:15.520Z"}
{"level":"info","message":{},"timestamp":"2024-04-22T11:06:15.593Z"}
{"level":"info","message":{},"timestamp":"2024-04-22T11:06:16.528Z"}
{"level":"info","message":{},"timestamp":"2024-04-22T11:06:24.431Z"}
{"level":"info","message":{"password":"kadet1","username":"kadet1"},"timestamp":"2024-04-22T11:06:30.813Z"}
{"level":"info","message":{},"timestamp":"2024-04-22T11:06:30.873Z"}
{"level":"info","message":{},"timestamp":"2024-04-22T11:06:31.730Z"}
{"level":"info","message":{},"timestamp":"2024-04-22T11:09:32.327Z"}
{"level":"info","message":{},"timestamp":"2024-04-22T11:09:33.746Z"}
{"level":"info","message":{},"timestamp":"2024-04-22T11:09:35.776Z"}
{"level":"info","message":{},"timestamp":"2024-04-22T11:10:05.909Z"}
{"level":"info","message":{},"timestamp":"2024-04-22T11:10:06.551Z"}
{"level":"info","message":{},"timestamp":"2024-04-22T11:10:27.436Z"}
{"level":"info","message":{},"timestamp":"2024-04-22T11:11:43.485Z"}
{"level":"info","message":{},"timestamp":"2024-04-22T11:11:43.495Z"}
{"level":"info","message":{},"timestamp":"2024-04-22T11:11:45.627Z"}
{"level":"info","message":{},"timestamp":"2024-04-22T11:11:49.752Z"}
{"level":"info","message":{},"timestamp":"2024-04-22T11:19:13.499Z"}
{"level":"info","message":{},"timestamp":"2024-04-22T11:19:24.829Z"}
{"level":"info","message":{},"timestamp":"2024-04-22T11:19:42.665Z"}
{"level":"info","message":{},"timestamp":"2024-04-22T11:19:58.869Z"}
{"level":"info","message":{},"timestamp":"2024-04-22T11:20:21.492Z"}
{"level":"info","message":{},"timestamp":"2024-04-22T11:20:35.925Z"}
{"level":"info","message":{},"timestamp":"2024-04-22T11:25:05.125Z"}
{"level":"info","message":{},"timestamp":"2024-04-22T11:25:07.423Z"}
{"level":"info","message":{},"timestamp":"2024-04-22T11:25:16.801Z"}
{"level":"info","message":{},"timestamp":"2024-04-22T11:25:26.866Z"}
{"level":"info","message":{},"timestamp":"2024-04-22T11:25:40.687Z"}
{"level":"info","message":{},"timestamp":"2024-04-22T11:25:44.113Z"}
{"level":"info","message":{},"timestamp":"2024-04-22T11:25:44.131Z"}
{"level":"info","message":{},"timestamp":"2024-04-22T11:25:48.297Z"}
{"level":"info","message":{},"timestamp":"2024-04-22T11:25:49.656Z"}
{"level":"info","message":{},"timestamp":"2024-04-22T11:25:53.081Z"}
{"level":"info","message":{},"timestamp":"2024-04-22T11:28:34.647Z"}
{"level":"info","message":{},"timestamp":"2024-04-22T11:28:37.031Z"}
{"level":"info","message":{},"timestamp":"2024-04-22T11:30:41.542Z"}
{"level":"info","message":{},"timestamp":"2024-04-22T11:30:46.875Z"}
{"level":"info","message":{"password":"kadet1","username":"kadet1"},"timestamp":"2024-04-22T11:30:51.589Z"}
{"level":"info","message":{},"timestamp":"2024-04-22T11:30:51.656Z"}
{"level":"info","message":{},"timestamp":"2024-04-22T11:30:57.009Z"}
{"level":"info","message":{},"timestamp":"2024-04-22T11:30:57.024Z"}
{"level":"info","message":{},"timestamp":"2024-04-22T11:31:03.982Z"}
{"level":"info","message":{},"timestamp":"2024-04-22T11:31:05.566Z"}
{"level":"info","message":{"password":"kadet1","username":"kadet1"},"timestamp":"2024-04-22T11:31:56.530Z"}
{"level":"info","message":{},"timestamp":"2024-04-22T11:31:56.592Z"}
{"level":"info","message":{},"timestamp":"2024-04-22T11:31:58.206Z"}
{"level":"info","message":{},"timestamp":"2024-04-22T11:32:45.175Z"}
{"level":"info","message":{},"timestamp":"2024-04-22T11:32:46.082Z"}
{"level":"info","message":{},"timestamp":"2024-04-22T11:34:12.185Z"}
{"level":"info","message":{},"timestamp":"2024-04-22T11:35:48.596Z"}
{"level":"info","message":{},"timestamp":"2024-04-22T11:35:49.992Z"}
{"level":"info","message":{},"timestamp":"2024-04-22T11:36:11.874Z"}
{"level":"info","message":{},"timestamp":"2024-04-22T11:36:11.891Z"}
{"level":"info","message":{},"timestamp":"2024-04-22T11:36:15.114Z"}
{"level":"info","message":{"password":"kadet1","username":"kadet1"},"timestamp":"2024-04-22T11:36:21.718Z"}
{"level":"info","message":{},"timestamp":"2024-04-22T11:36:21.780Z"}
{"level":"info","message":{},"timestamp":"2024-04-22T11:36:23.409Z"}
{"level":"info","message":{},"timestamp":"2024-04-22T11:36:25.350Z"}
{"level":"info","message":{},"timestamp":"2024-04-22T11:42:19.716Z"}
{"level":"info","message":{},"timestamp":"2024-04-22T11:42:23.188Z"}
{"level":"info","message":{},"timestamp":"2024-04-22T11:42:23.203Z"}
{"level":"info","message":{},"timestamp":"2024-04-22T11:42:23.738Z"}
{"level":"info","message":{"password":"kdad1","username":"kdad1"},"timestamp":"2024-04-22T11:42:30.133Z"}
{"level":"info","message":{},"timestamp":"2024-04-22T11:42:30.194Z"}
{"level":"info","message":{},"timestamp":"2024-04-22T11:42:31.465Z"}
{"level":"info","message":{},"timestamp":"2024-04-22T11:44:06.752Z"}
{"level":"info","message":{},"timestamp":"2024-04-22T11:46:21.636Z"}
{"level":"info","message":{},"timestamp":"2024-04-22T11:47:07.950Z"}
{"level":"info","message":{},"timestamp":"2024-04-22T11:47:10.270Z"}
{"level":"info","message":{},"timestamp":"2024-04-22T11:47:54.536Z"}
{"level":"info","message":{},"timestamp":"2024-04-22T11:48:16.479Z"}
{"level":"info","message":{},"timestamp":"2024-04-22T11:48:18.325Z"}
{"level":"info","message":{},"timestamp":"2024-04-22T12:17:34.667Z"}
{"level":"info","message":{},"timestamp":"2024-04-22T12:17:36.571Z"}
{"level":"info","message":{},"timestamp":"2024-04-22T12:17:39.479Z"}
{"level":"info","message":{"password":"kdad1","username":"kdad1"},"timestamp":"2024-04-22T12:17:46.725Z"}
{"level":"info","message":{},"timestamp":"2024-04-22T12:17:46.791Z"}
{"level":"info","message":{},"timestamp":"2024-04-22T12:17:47.862Z"}
{"level":"info","message":{},"timestamp":"2024-04-22T12:17:50.074Z"}
{"level":"info","message":{},"timestamp":"2024-04-22T12:18:28.207Z"}
{"level":"info","message":{"content":"Loremipsum i tako dalje","title":"Nova"},"timestamp":"2024-04-22T12:18:43.443Z"}
{"level":"info","message":{},"timestamp":"2024-04-22T12:19:35.826Z"}
{"level":"info","message":{},"timestamp":"2024-04-22T12:19:35.856Z"}
{"level":"info","message":{},"timestamp":"2024-04-22T12:19:37.866Z"}
{"level":"info","message":{},"timestamp":"2024-04-22T12:19:39.131Z"}
{"level":"info","message":{"content":"Loremipsum i tako dalje","title":"Nova"},"timestamp":"2024-04-22T12:19:42.101Z"}
{"level":"info","message":{},"timestamp":"2024-04-22T12:20:19.816Z"}
{"level":"info","message":{},"timestamp":"2024-04-22T12:20:24.084Z"}
{"level":"info","message":{},"timestamp":"2024-04-22T12:20:25.098Z"}
{"level":"info","message":{"content":"Loremipsum i tako dalje","title":"Nova"},"timestamp":"2024-04-22T12:20:27.023Z"}
{"level":"info","message":{},"timestamp":"2024-04-22T12:21:38.774Z"}
{"level":"info","message":{},"timestamp":"2024-04-22T12:21:40.738Z"}
{"level":"info","message":{},"timestamp":"2024-04-22T12:21:41.628Z"}
{"level":"info","message":{"content":"Loremipsum i tako dalje","title":"Nova"},"timestamp":"2024-04-22T12:21:43.388Z"}
{"level":"info","message":{},"timestamp":"2024-04-22T12:21:43.405Z"}
{"level":"info","message":{"content":"Loremipsum i tako dalje","title":"Nova"},"timestamp":"2024-04-22T12:22:57.242Z"}
{"level":"info","message":{},"timestamp":"2024-04-22T12:22:57.259Z"}
{"level":"info","message":{},"timestamp":"2024-04-22T12:23:00.753Z"}
{"level":"info","message":{},"timestamp":"2024-04-22T12:23:02.825Z"}
{"level":"info","message":{},"timestamp":"2024-04-22T12:23:02.840Z"}
{"level":"info","message":{},"timestamp":"2024-04-22T12:23:03.221Z"}
{"level":"info","message":{"password":"kadet1","username":"kadet1"},"timestamp":"2024-04-22T12:23:07.494Z"}
{"level":"info","message":{},"timestamp":"2024-04-22T12:23:07.558Z"}
{"level":"info","message":{},"timestamp":"2024-04-22T12:23:08.620Z"}
{"level":"info","message":{},"timestamp":"2024-04-22T12:23:18.517Z"}
{"level":"info","message":{},"timestamp":"2024-04-22T12:23:22.746Z"}
{"level":"info","message":{},"timestamp":"2024-04-22T12:23:22.759Z"}
{"level":"info","message":{},"timestamp":"2024-04-22T12:23:24.387Z"}
{"level":"info","message":{"password":"stad1","username":"stad1"},"timestamp":"2024-04-22T12:23:28.637Z"}
{"level":"info","message":{},"timestamp":"2024-04-22T12:23:28.700Z"}
{"level":"info","message":{},"timestamp":"2024-04-22T12:23:29.436Z"}
{"level":"info","message":{},"timestamp":"2024-04-22T12:23:30.884Z"}
{"level":"info","message":{},"timestamp":"2024-04-22T12:23:46.051Z"}
{"level":"info","message":{"content":"Јако кул садр","title":"Кул Наслов"},"timestamp":"2024-04-22T12:24:04.146Z"}
{"level":"info","message":{"content":"Јако кул садр","title":"Кул Наслов"},"timestamp":"2024-04-22T12:24:04.956Z"}
{"level":"info","message":{"content":"Јако кул садржај","title":"Кул Наслов"},"timestamp":"2024-04-22T12:24:07.451Z"}
{"level":"info","message":{},"timestamp":"2024-04-22T12:24:18.669Z"}
{"level":"info","message":{"content":"Јако кул садржај","title":"Кул Наслов"},"timestamp":"2024-04-22T12:24:20.935Z"}
{"level":"info","message":{},"timestamp":"2024-04-22T12:25:30.250Z"}
{"level":"info","message":{},"timestamp":"2024-04-22T12:25:54.671Z"}
{"level":"info","message":{},"timestamp":"2024-04-22T12:25:55.364Z"}
{"level":"info","message":{"content":"Јако кул садржај","title":"Кул Наслов"},"timestamp":"2024-04-22T12:25:57.458Z"}
{"level":"info","message":{},"timestamp":"2024-04-22T12:26:41.314Z"}
{"level":"info","message":{},"timestamp":"2024-04-22T12:26:41.332Z"}
{"level":"info","message":{},"timestamp":"2024-04-22T12:26:43.110Z"}
{"level":"info","message":{"password":"kdad1","username":"kdad1"},"timestamp":"2024-04-22T12:26:47.691Z"}
{"level":"info","message":{},"timestamp":"2024-04-22T12:26:47.750Z"}
{"level":"info","message":{},"timestamp":"2024-04-22T12:26:49.029Z"}
{"level":"info","message":{},"timestamp":"2024-04-22T12:26:50.650Z"}
{"level":"info","message":{"content":"Јако кул садржај","title":"Кул Наслов"},"timestamp":"2024-04-22T12:26:53.702Z"}
{"level":"info","message":{},"timestamp":"2024-04-22T12:26:53.718Z"}
{"level":"info","message":{},"timestamp":"2024-04-22T12:27:00.222Z"}
{"level":"info","message":{},"timestamp":"2024-04-22T12:27:02.491Z"}
{"level":"info","message":{},"timestamp":"2024-04-22T12:27:03.246Z"}
{"level":"info","message":{},"timestamp":"2024-04-22T12:27:03.259Z"}
{"level":"info","message":{},"timestamp":"2024-04-22T12:27:04.113Z"}
{"level":"info","message":{"password":"stad1","username":"stad1"},"timestamp":"2024-04-22T12:27:08.864Z"}
{"level":"info","message":{},"timestamp":"2024-04-22T12:27:08.926Z"}
{"level":"info","message":{},"timestamp":"2024-04-22T12:27:10.009Z"}
{"level":"info","message":{},"timestamp":"2024-04-22T12:27:16.274Z"}
{"level":"info","message":{"content":"Јако кул садржај","title":"Кул Наслов"},"timestamp":"2024-04-22T12:27:19.099Z"}
{"level":"info","message":{"content":"Јако кул садржај","title":"Кул Наслов"},"timestamp":"2024-04-22T12:28:29.838Z"}
{"level":"info","message":{},"timestamp":"2024-04-22T12:30:17.383Z"}
{"level":"info","message":{},"timestamp":"2024-04-22T12:30:19.518Z"}
{"level":"info","message":{},"timestamp":"2024-04-22T12:30:20.438Z"}
{"level":"info","message":{"content":"Јако кул садржај","title":"Кул Наслов"},"timestamp":"2024-04-22T12:30:24.304Z"}
{"level":"info","message":{},"timestamp":"2024-04-22T12:30:52.260Z"}
{"level":"info","message":{},"timestamp":"2024-04-22T12:30:53.512Z"}
{"level":"info","message":{},"timestamp":"2024-04-22T12:30:54.348Z"}
{"level":"info","message":{"content":"Јако кул садржај","title":"Кул Наслов"},"timestamp":"2024-04-22T12:30:56.444Z"}
{"level":"info","message":{},"timestamp":"2024-04-22T12:30:56.460Z"}
{"level":"info","message":{},"timestamp":"2024-04-22T12:36:14.504Z"}
{"level":"info","message":{},"timestamp":"2024-04-22T12:36:34.461Z"}
{"level":"info","message":{},"timestamp":"2024-04-22T12:41:50.210Z"}
{"level":"info","message":{},"timestamp":"2024-04-22T12:42:19.423Z"}
{"level":"info","message":{},"timestamp":"2024-04-22T12:42:23.032Z"}
{"level":"info","message":{},"timestamp":"2024-04-22T12:42:25.664Z"}
{"level":"info","message":{},"timestamp":"2024-04-22T12:42:25.666Z"}
{"level":"info","message":{},"timestamp":"2024-04-22T12:42:29.286Z"}
{"level":"info","message":{},"timestamp":"2024-04-22T12:42:29.287Z"}
{"level":"info","message":{},"timestamp":"2024-04-22T12:42:29.750Z"}
{"level":"info","message":{},"timestamp":"2024-04-22T12:42:29.751Z"}
{"level":"info","message":{},"timestamp":"2024-04-22T12:42:30.222Z"}
{"level":"info","message":{},"timestamp":"2024-04-22T12:42:30.223Z"}
{"level":"info","message":{},"timestamp":"2024-04-22T12:42:30.719Z"}
{"level":"info","message":{},"timestamp":"2024-04-22T12:42:30.720Z"}
{"level":"info","message":{},"timestamp":"2024-04-22T12:42:31.151Z"}
{"level":"info","message":{},"timestamp":"2024-04-22T12:42:31.151Z"}
{"level":"info","message":{},"timestamp":"2024-04-22T12:42:31.469Z"}
{"level":"info","message":{},"timestamp":"2024-04-22T12:42:31.471Z"}
{"level":"info","message":{},"timestamp":"2024-04-22T12:42:31.645Z"}
{"level":"info","message":{},"timestamp":"2024-04-22T12:42:31.646Z"}
{"level":"info","message":{},"timestamp":"2024-04-22T12:42:31.822Z"}
{"level":"info","message":{},"timestamp":"2024-04-22T12:42:31.823Z"}
{"level":"info","message":{},"timestamp":"2024-04-22T12:42:32.247Z"}
{"level":"info","message":{},"timestamp":"2024-04-22T12:42:32.248Z"}
{"level":"info","message":{},"timestamp":"2024-04-22T12:42:32.430Z"}
{"level":"info","message":{},"timestamp":"2024-04-22T12:42:32.431Z"}
{"level":"info","message":{},"timestamp":"2024-04-22T12:42:57.497Z"}
{"level":"info","message":{},"timestamp":"2024-04-22T12:42:57.497Z"}
{"level":"info","message":{},"timestamp":"2024-04-22T12:43:04.770Z"}
{"level":"info","message":{},"timestamp":"2024-04-22T12:43:06.671Z"}
{"level":"info","message":{},"timestamp":"2024-04-22T12:43:06.672Z"}
{"level":"info","message":{},"timestamp":"2024-04-22T12:49:49.337Z"}
{"level":"info","message":{},"timestamp":"2024-04-22T12:49:55.379Z"}
{"level":"info","message":{},"timestamp":"2024-04-22T12:50:30.677Z"}
{"level":"info","message":{},"timestamp":"2024-04-22T12:50:33.993Z"}
{"level":"info","message":{},"timestamp":"2024-04-22T12:50:33.994Z"}
{"level":"info","message":{},"timestamp":"2024-04-22T12:50:36.444Z"}
{"level":"info","message":{},"timestamp":"2024-04-22T12:50:37.668Z"}
{"level":"info","message":{},"timestamp":"2024-04-22T12:50:38.358Z"}
{"level":"info","message":{},"timestamp":"2024-04-22T12:50:38.359Z"}
{"level":"info","message":{},"timestamp":"2024-04-22T12:50:46.157Z"}
{"level":"info","message":{},"timestamp":"2024-04-22T12:50:46.158Z"}
{"level":"info","message":{},"timestamp":"2024-04-22T12:51:20.704Z"}
{"level":"info","message":{},"timestamp":"2024-04-22T12:51:22.032Z"}
{"level":"info","message":{},"timestamp":"2024-04-22T12:51:28.299Z"}
{"level":"info","message":{},"timestamp":"2024-04-22T12:51:28.302Z"}
{"level":"info","message":{},"timestamp":"2024-04-22T12:51:50.122Z"}
{"level":"info","message":{},"timestamp":"2024-04-22T12:51:52.374Z"}
{"level":"info","message":{},"timestamp":"2024-04-22T12:51:52.375Z"}
{"level":"info","message":{},"timestamp":"2024-04-22T12:51:54.758Z"}
{"level":"info","message":{},"timestamp":"2024-04-22T12:51:54.758Z"}
{"level":"info","message":{},"timestamp":"2024-04-22T12:53:03.439Z"}
{"level":"info","message":{},"timestamp":"2024-04-22T12:53:06.033Z"}
{"level":"info","message":{},"timestamp":"2024-04-22T12:53:06.034Z"}
{"level":"info","message":{},"timestamp":"2024-04-22T12:53:17.375Z"}
{"level":"info","message":{},"timestamp":"2024-04-22T12:53:19.326Z"}
{"level":"info","message":{},"timestamp":"2024-04-22T12:53:19.327Z"}
{"level":"info","message":{},"timestamp":"2024-04-22T12:54:42.244Z"}
{"level":"info","message":{},"timestamp":"2024-04-22T12:54:43.408Z"}
{"level":"info","message":{},"timestamp":"2024-04-22T12:54:45.928Z"}
{"level":"info","message":{},"timestamp":"2024-04-22T12:54:45.929Z"}
{"level":"info","message":{},"timestamp":"2024-04-22T12:55:32.068Z"}
{"level":"info","message":{},"timestamp":"2024-04-22T12:55:33.345Z"}
{"level":"info","message":{},"timestamp":"2024-04-22T12:55:34.207Z"}
{"level":"info","message":{},"timestamp":"2024-04-22T12:55:34.208Z"}
{"level":"info","message":{},"timestamp":"2024-04-22T12:56:56.388Z"}
{"level":"info","message":{},"timestamp":"2024-04-22T12:56:56.388Z"}
{"level":"info","message":{},"timestamp":"2024-04-22T12:57:01.046Z"}
{"level":"info","message":{},"timestamp":"2024-04-22T12:57:01.047Z"}
{"level":"info","message":{},"timestamp":"2024-04-22T12:57:38.221Z"}
{"level":"info","message":{},"timestamp":"2024-04-22T12:57:40.374Z"}
{"level":"info","message":{},"timestamp":"2024-04-22T12:57:40.375Z"}
{"level":"info","message":{},"timestamp":"2024-04-22T12:57:42.630Z"}
{"level":"info","message":{},"timestamp":"2024-04-22T12:57:42.631Z"}
{"level":"info","message":{},"timestamp":"2024-04-22T12:58:00.185Z"}
{"level":"info","message":{},"timestamp":"2024-04-22T12:58:02.931Z"}
{"level":"info","message":{},"timestamp":"2024-04-22T12:58:06.608Z"}
{"level":"info","message":{},"timestamp":"2024-04-22T12:58:06.609Z"}
{"level":"info","message":{},"timestamp":"2024-04-22T12:58:07.824Z"}
{"level":"info","message":{},"timestamp":"2024-04-22T12:58:07.825Z"}
{"level":"info","message":{},"timestamp":"2024-04-22T12:58:47.479Z"}
{"level":"info","message":{},"timestamp":"2024-04-22T12:58:49.951Z"}
{"level":"info","message":{},"timestamp":"2024-04-22T12:58:49.952Z"}
{"level":"info","message":{},"timestamp":"2024-04-22T13:01:01.673Z"}
{"level":"info","message":{},"timestamp":"2024-04-22T13:01:05.258Z"}
{"level":"info","message":{},"timestamp":"2024-04-22T13:01:06.494Z"}
{"level":"info","message":{},"timestamp":"2024-04-22T13:01:06.495Z"}
{"level":"info","message":{},"timestamp":"2024-04-22T13:43:30.132Z"}
{"level":"info","message":{},"timestamp":"2024-04-22T13:43:33.152Z"}
{"level":"info","message":{},"timestamp":"2024-04-22T13:43:34.784Z"}
{"level":"info","message":{},"timestamp":"2024-04-22T13:43:34.785Z"}
{"level":"info","message":{},"timestamp":"2024-04-22T13:43:54.998Z"}
{"level":"info","message":{},"timestamp":"2024-04-22T13:43:57.060Z"}
{"level":"info","message":{},"timestamp":"2024-04-22T13:43:58.601Z"}
{"level":"info","message":{},"timestamp":"2024-04-22T13:43:58.604Z"}
{"level":"info","message":{},"timestamp":"2024-04-22T13:45:10.218Z"}
{"level":"info","message":{},"timestamp":"2024-04-22T13:45:13.216Z"}
{"level":"info","message":{},"timestamp":"2024-04-22T13:45:14.357Z"}
{"level":"info","message":{},"timestamp":"2024-04-22T13:45:14.358Z"}
{"level":"info","message":{},"timestamp":"2024-04-22T13:45:31.874Z"}
{"level":"info","message":{},"timestamp":"2024-04-22T13:45:31.875Z"}
{"level":"info","message":{},"timestamp":"2024-04-22T13:46:14.181Z"}
{"level":"info","message":{},"timestamp":"2024-04-22T13:46:23.327Z"}
{"level":"info","message":{},"timestamp":"2024-04-22T13:47:23.630Z"}
{"level":"info","message":{},"timestamp":"2024-04-22T13:47:25.760Z"}
{"level":"info","message":{"postID":13},"timestamp":"2024-04-22T13:47:26.686Z"}
{"level":"info","message":{},"timestamp":"2024-04-22T13:47:26.688Z"}
{"level":"info","message":{},"timestamp":"2024-04-22T13:47:55.679Z"}
{"level":"info","message":{},"timestamp":"2024-04-22T13:47:58.252Z"}
{"level":"info","message":{"postID":13},"timestamp":"2024-04-22T13:47:59.726Z"}
{"level":"info","message":{},"timestamp":"2024-04-22T13:47:59.727Z"}
{"level":"info","message":{},"timestamp":"2024-04-22T13:48:29.272Z"}
{"level":"info","message":{},"timestamp":"2024-04-22T13:48:31.845Z"}
{"level":"info","message":{"postID":13},"timestamp":"2024-04-22T13:48:33.195Z"}
{"level":"info","message":{},"timestamp":"2024-04-22T13:48:33.196Z"}
{"level":"info","message":{},"timestamp":"2024-04-22T13:48:33.217Z"}
{"level":"info","message":{"postID":16},"timestamp":"2024-04-22T13:48:34.994Z"}
{"level":"info","message":{},"timestamp":"2024-04-22T13:48:34.994Z"}
{"level":"info","message":{},"timestamp":"2024-04-22T13:48:35.011Z"}
{"level":"info","message":{"postID":15},"timestamp":"2024-04-22T13:48:36.375Z"}
{"level":"info","message":{},"timestamp":"2024-04-22T13:48:36.377Z"}
{"level":"info","message":{},"timestamp":"2024-04-22T13:48:36.397Z"}
{"level":"info","message":{},"timestamp":"2024-04-22T13:48:38.717Z"}
{"level":"info","message":{},"timestamp":"2024-04-22T13:48:47.365Z"}
{"level":"info","message":{},"timestamp":"2024-04-22T13:48:47.386Z"}
{"level":"info","message":{},"timestamp":"2024-04-22T13:48:57.450Z"}
{"level":"info","message":{},"timestamp":"2024-04-22T13:49:06.339Z"}
{"level":"info","message":{"password":"kadet1","username":"kadet1"},"timestamp":"2024-04-22T13:49:16.258Z"}
{"level":"info","message":{},"timestamp":"2024-04-22T13:49:16.324Z"}
{"level":"info","message":{},"timestamp":"2024-04-22T13:49:17.862Z"}
{"level":"info","message":{},"timestamp":"2024-04-22T13:49:26.299Z"}
{"level":"info","message":{},"timestamp":"2024-04-22T13:49:33.068Z"}
{"level":"info","message":{},"timestamp":"2024-04-22T13:49:33.084Z"}
{"level":"info","message":{},"timestamp":"2024-04-22T13:49:35.258Z"}
{"level":"info","message":{"password":"kdad1","username":"kdad1"},"timestamp":"2024-04-22T13:49:39.371Z"}
{"level":"info","message":{},"timestamp":"2024-04-22T13:49:39.440Z"}
{"level":"info","message":{},"timestamp":"2024-04-22T13:49:41.865Z"}
{"level":"info","message":{},"timestamp":"2024-04-22T13:49:47.611Z"}
{"level":"info","message":{},"timestamp":"2024-04-22T13:49:47.617Z"}
{"level":"info","message":{},"timestamp":"2024-04-22T13:49:54.022Z"}
{"level":"info","message":{},"timestamp":"2024-04-22T13:49:54.037Z"}
{"level":"info","message":{},"timestamp":"2024-04-22T13:49:55.571Z"}
{"level":"info","message":{"password":"stad1","username":"stad1"},"timestamp":"2024-04-22T13:49:59.867Z"}
{"level":"info","message":{},"timestamp":"2024-04-22T13:49:59.931Z"}
{"level":"info","message":{},"timestamp":"2024-04-22T13:50:01.842Z"}
{"level":"info","message":{"postID":14},"timestamp":"2024-04-22T13:50:02.961Z"}
{"level":"info","message":{},"timestamp":"2024-04-22T13:50:02.962Z"}
{"level":"info","message":{},"timestamp":"2024-04-22T13:50:02.978Z"}
{"level":"info","message":{"postID":17},"timestamp":"2024-04-22T13:50:03.123Z"}
{"level":"info","message":{},"timestamp":"2024-04-22T13:50:03.123Z"}
{"level":"info","message":{},"timestamp":"2024-04-22T13:50:03.139Z"}
{"level":"info","message":{"postID":18},"timestamp":"2024-04-22T13:50:03.292Z"}
{"level":"info","message":{},"timestamp":"2024-04-22T13:50:03.306Z"}
{"level":"info","message":{},"timestamp":"2024-04-22T13:50:03.314Z"}
{"level":"info","message":{},"timestamp":"2024-04-22T13:50:03.471Z"}
{"level":"info","message":{"postID":19},"timestamp":"2024-04-22T13:50:03.473Z"}
{"level":"info","message":{},"timestamp":"2024-04-22T13:50:03.488Z"}
{"level":"info","message":{"postID":19},"timestamp":"2024-04-22T13:50:03.648Z"}
{"level":"info","message":{},"timestamp":"2024-04-22T13:50:03.649Z"}
{"level":"info","message":{"postID":20},"timestamp":"2024-04-22T13:50:03.828Z"}
{"level":"info","message":{},"timestamp":"2024-04-22T13:50:03.829Z"}
{"level":"info","message":{},"timestamp":"2024-04-22T13:50:03.844Z"}
{"level":"info","message":{},"timestamp":"2024-04-22T13:50:04.004Z"}
{"level":"info","message":{"postID":21},"timestamp":"2024-04-22T13:50:04.005Z"}
{"level":"info","message":{},"timestamp":"2024-04-22T13:50:04.020Z"}
{"level":"info","message":{"postID":22},"timestamp":"2024-04-22T13:50:04.218Z"}
{"level":"info","message":{},"timestamp":"2024-04-22T13:50:04.218Z"}
{"level":"info","message":{},"timestamp":"2024-04-22T13:50:04.233Z"}
{"level":"info","message":{"postID":23},"timestamp":"2024-04-22T13:50:04.419Z"}
{"level":"info","message":{},"timestamp":"2024-04-22T13:50:04.420Z"}
{"level":"info","message":{},"timestamp":"2024-04-22T13:50:04.436Z"}
{"level":"info","message":{"postID":24},"timestamp":"2024-04-22T13:50:04.938Z"}
{"level":"info","message":{},"timestamp":"2024-04-22T13:50:04.939Z"}
{"level":"info","message":{},"timestamp":"2024-04-22T13:50:04.954Z"}
{"level":"info","message":{"postID":25},"timestamp":"2024-04-22T13:50:05.365Z"}
{"level":"info","message":{},"timestamp":"2024-04-22T13:50:05.365Z"}
{"level":"info","message":{},"timestamp":"2024-04-22T13:50:05.380Z"}
{"level":"info","message":{"postID":26},"timestamp":"2024-04-22T13:50:05.613Z"}
{"level":"info","message":{},"timestamp":"2024-04-22T13:50:05.613Z"}
{"level":"info","message":{},"timestamp":"2024-04-22T13:50:05.627Z"}
{"level":"info","message":{"postID":27},"timestamp":"2024-04-22T13:50:05.806Z"}
{"level":"info","message":{},"timestamp":"2024-04-22T13:50:05.816Z"}
{"level":"info","message":{},"timestamp":"2024-04-22T13:50:05.821Z"}
{"level":"info","message":{"postID":28},"timestamp":"2024-04-22T13:50:06.166Z"}
{"level":"info","message":{},"timestamp":"2024-04-22T13:50:06.166Z"}
{"level":"info","message":{},"timestamp":"2024-04-22T13:50:06.180Z"}
{"level":"info","message":{"postID":29},"timestamp":"2024-04-22T13:50:06.378Z"}
{"level":"info","message":{},"timestamp":"2024-04-22T13:50:06.379Z"}
{"level":"info","message":{},"timestamp":"2024-04-22T13:50:06.393Z"}
{"level":"info","message":{"postID":30},"timestamp":"2024-04-22T13:50:06.573Z"}
{"level":"info","message":{},"timestamp":"2024-04-22T13:50:06.574Z"}
{"level":"info","message":{},"timestamp":"2024-04-22T13:50:06.599Z"}
{"level":"info","message":{"postID":31},"timestamp":"2024-04-22T13:50:06.887Z"}
{"level":"info","message":{},"timestamp":"2024-04-22T13:50:06.887Z"}
{"level":"info","message":{},"timestamp":"2024-04-22T13:50:06.903Z"}
{"level":"info","message":{"postID":32},"timestamp":"2024-04-22T13:50:07.066Z"}
{"level":"info","message":{},"timestamp":"2024-04-22T13:50:07.067Z"}
{"level":"info","message":{},"timestamp":"2024-04-22T13:50:07.082Z"}
{"level":"info","message":{"postID":36},"timestamp":"2024-04-22T13:50:07.280Z"}
{"level":"info","message":{},"timestamp":"2024-04-22T13:50:07.293Z"}
{"level":"info","message":{},"timestamp":"2024-04-22T13:50:07.299Z"}
{"level":"info","message":{},"timestamp":"2024-04-22T13:50:08.478Z"}
{"level":"info","message":{},"timestamp":"2024-04-22T13:50:10.495Z"}
{"level":"info","message":{"content":"Јако кул садржај","title":"Кул Наслов"},"timestamp":"2024-04-22T13:50:13.853Z"}
{"level":"info","message":{},"timestamp":"2024-04-22T13:50:13.867Z"}
{"level":"info","message":{},"timestamp":"2024-04-22T13:50:17.815Z"}
{"level":"info","message":{},"timestamp":"2024-04-22T13:50:19.834Z"}
{"level":"info","message":{},"timestamp":"2024-04-22T13:50:22.769Z"}
{"level":"info","message":{},"timestamp":"2024-04-22T13:54:51.668Z"}
{"level":"info","message":{},"timestamp":"2024-04-22T13:54:51.687Z"}
